## Pytest Verification Results
```
/home/runner/work/mcintalmo.github.io/mcintalmo.github.io/backend/.venv/lib/python3.14/site-packages/deepeval/evaluate/execute/loop.py:806: SyntaxWarning: 'return' in a 'finally' block
  return
============================= test session starts ==============================
platform linux -- Python 3.14.7, pytest-9.1.1, pluggy-1.6.0
benchmark: 5.3.0 (defaults: timer=time.perf_counter disable_gc=False min_rounds=5 min_time=0.000005 max_time=1.0 calibration_precision=10 warmup=False warmup_iterations=100000)
rootdir: /home/runner/work/mcintalmo.github.io/mcintalmo.github.io/backend
configfile: pyproject.toml
testpaths: agent/tests, auth/tests, mcp/tests, common/tests, tailor/tests
plugins: anyio-4.15.1, rerunfailures-16.6.1, repeat-0.9.4, httpx-0.36.2, benchmark-5.3.0, deepeval-4.2.1, langsmith-0.12.2, asyncio-1.4.0, xdist-3.8.0
asyncio: mode=Mode.AUTO, debug=False, asyncio_default_fixture_loop_scope=None, asyncio_default_test_loop_scope=function
collected 35 items / 9 deselected / 26 selected

agent/tests/test_agent.py s                                              [  3%]
agent/tests/test_agent_tools.py ...                                      [ 15%]
agent/tests/test_integration.py ..                                       [ 23%]
agent/tests/test_ttft_benchmark.py sssssss                               [ 50%]
agent/tests/test_whisper_stt.py ....                                     [ 65%]
auth/tests/test_auth.py .                                                [ 69%]
mcp/tests/test_mcp.py ..                                                 [ 76%]
tailor/tests/test_graph.py .                                             [ 80%]
tailor/tests/test_nodes.py .....                                         [100%]Running teardown with pytest sessionfinish...


=============================== warnings summary ===============================
.venv/lib/python3.14/site-packages/starlette/testclient.py:53
  /home/runner/work/mcintalmo.github.io/mcintalmo.github.io/backend/.venv/lib/python3.14/site-packages/starlette/testclient.py:53: DeprecationWarning: The anyio.abc.BlockingPortal alias is deprecated, use anyio.from_thread.BlockingPortal instead.
    _PortalFactoryType = Callable[[], AbstractContextManager[anyio.abc.BlockingPortal]]

.venv/lib/python3.14/site-packages/deepeval/tracing/tracing.py:1555
.venv/lib/python3.14/site-packages/deepeval/tracing/tracing.py:1555
  /home/runner/work/mcintalmo.github.io/mcintalmo.github.io/backend/.venv/lib/python3.14/site-packages/deepeval/tracing/tracing.py:1555: DeprecationWarning: 'asyncio.iscoroutinefunction' is deprecated and slated for removal in Python 3.16; use inspect.iscoroutinefunction() instead
    if asyncio.iscoroutinefunction(func):

agent/tests/test_integration.py::test_whisper_server
  /home/runner/work/mcintalmo.github.io/mcintalmo.github.io/backend/agent/tests/test_integration.py:37: DeprecationWarning: The wait_for_logs function with string or callable predicates is deprecated and will be removed in a future version. Use structured wait strategies instead: container.waiting_for(LogMessageWaitStrategy('ready')) or container.waiting_for(LogMessageWaitStrategy(re.compile(r'pattern')))
    wait_for_logs(c, "Application startup complete", timeout=120)

agent/tests/test_integration.py::test_kokoro_server
  /home/runner/work/mcintalmo.github.io/mcintalmo.github.io/backend/agent/tests/test_integration.py:48: DeprecationWarning: The wait_for_logs function with string or callable predicates is deprecated and will be removed in a future version. Use structured wait strategies instead: container.waiting_for(LogMessageWaitStrategy('ready')) or container.waiting_for(LogMessageWaitStrategy(re.compile(r'pattern')))
    wait_for_logs(c, "Application startup complete", timeout=120)

auth/tests/test_auth.py::test_get_token
  /home/runner/work/mcintalmo.github.io/mcintalmo.github.io/backend/.venv/lib/python3.14/site-packages/jwt/api_jwt.py:147: InsecureKeyLengthWarning: The HMAC key is 6 bytes long, which is below the minimum recommended length of 32 bytes for SHA256. See RFC 7518 Section 3.2.
    return self._jws.encode(

-- Docs: https://docs.pytest.org/en/stable/how-to/capture-warnings.html
Test agent/tests/test_agent.py::test_assistant_greeting was skipped. Reason: 
('/home/runner/work/mcintalmo.github.io/mcintalmo.github.io/backend/agent/tests/
test_agent.py', 34, 'Skipped: LLM endpoint http://localhost:4000/v1 is not 
accessible, skipping LLM evaluation test.')
Test agent/tests/test_ttft_benchmark.py::test_nvidia_ttft was skipped. Reason: 
('/home/runner/work/mcintalmo.github.io/mcintalmo.github.io/backend/agent/tests/
test_ttft_benchmark.py', 49, 'Skipped: Nvidia benchmark failed/skipped: [Errno 
111] Connection refused')
Test agent/tests/test_ttft_benchmark.py::test_cerebras_ttft was skipped. Reason:
('/home/runner/work/mcintalmo.github.io/mcintalmo.github.io/backend/agent/tests/
test_ttft_benchmark.py', 58, 'Skipped: Cerebras benchmark failed/skipped: [Errno
111] Connection refused')
Test agent/tests/test_ttft_benchmark.py::test_openrouter_gemini_ttft was 
skipped. Reason: 
('/home/runner/work/mcintalmo.github.io/mcintalmo.github.io/backend/agent/tests/
test_ttft_benchmark.py', 67, 'Skipped: OpenRouter Gemini benchmark 
failed/skipped: [Errno 111] Connection refused')
Test agent/tests/test_ttft_benchmark.py::test_openrouter_llama_ttft was skipped.
Reason: 
('/home/runner/work/mcintalmo.github.io/mcintalmo.github.io/backend/agent/tests/
test_ttft_benchmark.py', 76, 'Skipped: OpenRouter Llama benchmark 
failed/skipped: [Errno 111] Connection refused')
Test agent/tests/test_ttft_benchmark.py::test_gemini_direct_ttft was skipped. 
Reason: 
('/home/runner/work/mcintalmo.github.io/mcintalmo.github.io/backend/agent/tests/
test_ttft_benchmark.py', 85, 'Skipped: Gemini direct benchmark failed/skipped: 
[Errno 111] Connection refused')
Test agent/tests/test_ttft_benchmark.py::test_github_direct_ttft was skipped. 
Reason: 
('/home/runner/work/mcintalmo.github.io/mcintalmo.github.io/backend/agent/tests/
test_ttft_benchmark.py', 94, 'Skipped: GitHub direct benchmark failed/skipped: 
[Errno 111] Connection refused')
Test agent/tests/test_ttft_benchmark.py::test_ollama_local_ttft was skipped. 
Reason: 
('/home/runner/work/mcintalmo.github.io/mcintalmo.github.io/backend/agent/tests/
test_ttft_benchmark.py', 103, 'Skipped: Ollama local benchmark failed/skipped: 
[Errno 111] Connection refused')
====== 18 passed, 8 skipped, 9 deselected, 6 warnings in 80.86s (0:01:20) ======
```

✅ All tests passed successfully!
